<?xml version="1.0" encoding="UTF-8"?>
<testsuite xmlns:xsi="http://www.w3.org/2001/XMLSchema-instance" xsi:noNamespaceSchemaLocation="https://maven.apache.org/surefire/maven-surefire-plugin/xsd/surefire-test-report-3.0.xsd" version="3.0" name="TestSuite" time="92.827" tests="3" errors="0" skipped="0" failures="2">
  <properties>
[...]
</properties>
  <testcase name="validateLoginTest" classname="regression.ValidateLogin" time="23.41"/>
  <testcase name="validateLoginTest" classname="regression.ValidateLogin" time="25.513">
    <failure message="no such element: Unable to locate element: {&quot;method&quot;:&quot;xpath&quot;,&quot;selector&quot;:&quot;//tbody/tr/td/h3&quot;}&#10;  (Session info: chrome=81.0.4044.122)&#10;For documentation on this error, please visit: http://seleniumhq.org/exceptions/no_such_element.html&#10;Build info: version: &apos;3.14.0&apos;, revision: &apos;aacccce0&apos;, time: &apos;2018-08-02T20:19:58.91Z&apos;&#10;System info: host: &apos;ADMIN&apos;, ip: &apos;192.168.48.1&apos;, os.name: &apos;Windows 8.1&apos;, os.arch: &apos;amd64&apos;, os.version: &apos;6.3&apos;, java.version: &apos;1.8.0_241&apos;&#10;Driver info: org.openqa.selenium.chrome.ChromeDriver&#10;Capabilities {acceptInsecureCerts: false, browserName: chrome, browserVersion: 81.0.4044.122, chrome: {chromedriverVersion: 80.0.3987.106 (f68069574609..., userDataDir: C:\Users\REYAZ\AppData\Loca...}, goog:chromeOptions: {debuggerAddress: localhost:56344}, javascriptEnabled: true, networkConnectionEnabled: false, pageLoadStrategy: normal, platform: WINDOWS, platformName: WINDOWS, proxy: Proxy(), setWindowRect: true, strictFileInteractability: false, timeouts: {implicit: 0, pageLoad: 300000, script: 30000}, unhandledPromptBehavior: dismiss and notify}&#10;Session ID: bf8e1ccb24fb45f55d4935ff833a7f12&#10;*** Element info: {Using=xpath, value=//tbody/tr/td/h3}" type="org.openqa.selenium.NoSuchElementException"><![CDATA[org.openqa.selenium.NoSuchElementException: 
no such element: Unable to locate element: {"method":"xpath","selector":"//tbody/tr/td/h3"}
  (Session info: chrome=81.0.4044.122)
For documentation on this error, please visit: http://seleniumhq.org/exceptions/no_such_element.html
Build info: version: '3.14.0', revision: 'aacccce0', time: '2018-08-02T20:19:58.91Z'
System info: host: 'ADMIN', ip: '192.168.48.1', os.name: 'Windows 8.1', os.arch: 'amd64', os.version: '6.3', java.version: '1.8.0_241'
Driver info: org.openqa.selenium.chrome.ChromeDriver
Capabilities {acceptInsecureCerts: false, browserName: chrome, browserVersion: 81.0.4044.122, chrome: {chromedriverVersion: 80.0.3987.106 (f68069574609..., userDataDir: C:\Users\REYAZ\AppData\Loca...}, goog:chromeOptions: {debuggerAddress: localhost:56344}, javascriptEnabled: true, networkConnectionEnabled: false, pageLoadStrategy: normal, platform: WINDOWS, platformName: WINDOWS, proxy: Proxy(), setWindowRect: true, strictFileInteractability: false, timeouts: {implicit: 0, pageLoad: 300000, script: 30000}, unhandledPromptBehavior: dismiss and notify}
Session ID: bf8e1ccb24fb45f55d4935ff833a7f12
*** Element info: {Using=xpath, value=//tbody/tr/td/h3}
	at regression.ValidateLogin.validateLoginTest(ValidateLogin.java:36)
]]></failure>
    <system-err><![CDATA[Starting ChromeDriver 80.0.3987.106 (f68069574609230cf9b635cd784cfb1bf81bb53a-refs/branch-heads/3987@{#882}) on port 4661
Only local connections are allowed.
Please protect ports used by ChromeDriver and related test frameworks to prevent access by malicious code.
[1587628716.089][WARNING]: This version of ChromeDriver has not been tested with Chrome version 81.
Apr 23, 2020 1:28:37 PM org.openqa.selenium.remote.ProtocolHandshake createSession
INFO: Detected dialect: W3C
[1587628720.824][SEVERE]: Timed out receiving message from renderer: 0.100
[1587628720.929][SEVERE]: Timed out receiving message from renderer: 0.100
[1587628721.042][SEVERE]: Timed out receiving message from renderer: 0.100
[1587628721.151][SEVERE]: Timed out receiving message from renderer: 0.100
[1587628721.252][SEVERE]: Timed out receiving message from renderer: 0.100
[1587628721.356][SEVERE]: Timed out receiving message from renderer: 0.100
[1587628721.506][SEVERE]: Timed out receiving message from renderer: 0.100
[1587628721.618][SEVERE]: Timed out receiving message from renderer: 0.100
[1587628721.722][SEVERE]: Timed out receiving message from renderer: 0.100
[1587628721.841][SEVERE]: Timed out receiving message from renderer: 0.100
[1587628721.945][SEVERE]: Timed out receiving message from renderer: 0.100
[1587628722.054][SEVERE]: Timed out receiving message from renderer: 0.100
[1587628722.156][SEVERE]: Timed out receiving message from renderer: 0.100
[1587628722.258][SEVERE]: Timed out receiving message from renderer: 0.100
[1587628722.365][SEVERE]: Timed out receiving message from renderer: 0.100
[1587628722.516][SEVERE]: Timed out receiving message from renderer: 0.100
[1587628724.270][SEVERE]: Timed out receiving message from renderer: 0.100
[1587628724.425][SEVERE]: Timed out receiving message from renderer: 0.100
[1587628725.002][SEVERE]: Timed out receiving message from renderer: 0.100
[1587628725.113][SEVERE]: Timed out receiving message from renderer: 0.100
[1587628725.246][SEVERE]: Timed out receiving message from renderer: 0.100
[1587628725.352][SEVERE]: Timed out receiving message from renderer: 0.100
[1587628725.474][SEVERE]: Timed out receiving message from renderer: 0.100
[1587628725.646][SEVERE]: Timed out receiving message from renderer: 0.100
[1587628725.747][SEVERE]: Timed out receiving message from renderer: 0.100
[1587628727.883][SEVERE]: Timed out receiving message from renderer: 0.100
[1587628727.986][SEVERE]: Timed out receiving message from renderer: 0.100
[1587628728.144][SEVERE]: Timed out receiving message from renderer: 0.100
[1587628728.247][SEVERE]: Timed out receiving message from renderer: 0.100
[1587628728.358][SEVERE]: Timed out receiving message from renderer: 0.100
[1587628728.477][SEVERE]: Timed out receiving message from renderer: 0.100
[1587628728.580][SEVERE]: Timed out receiving message from renderer: 0.100
[1587628728.687][SEVERE]: Timed out receiving message from renderer: 0.100
]]></system-err>
  </testcase>
  <testcase name="validateLoginTest" classname="regression.ValidateLogin" time="40.535">
    <failure message="no such element: Unable to locate element: {&quot;method&quot;:&quot;xpath&quot;,&quot;selector&quot;:&quot;//tbody/tr/td/h3&quot;}&#10;  (Session info: chrome=81.0.4044.122)&#10;For documentation on this error, please visit: http://seleniumhq.org/exceptions/no_such_element.html&#10;Build info: version: &apos;3.14.0&apos;, revision: &apos;aacccce0&apos;, time: &apos;2018-08-02T20:19:58.91Z&apos;&#10;System info: host: &apos;ADMIN&apos;, ip: &apos;192.168.48.1&apos;, os.name: &apos;Windows 8.1&apos;, os.arch: &apos;amd64&apos;, os.version: &apos;6.3&apos;, java.version: &apos;1.8.0_241&apos;&#10;Driver info: org.openqa.selenium.chrome.ChromeDriver&#10;Capabilities {acceptInsecureCerts: false, browserName: chrome, browserVersion: 81.0.4044.122, chrome: {chromedriverVersion: 80.0.3987.106 (f68069574609..., userDataDir: C:\Users\REYAZ\AppData\Loca...}, goog:chromeOptions: {debuggerAddress: localhost:56542}, javascriptEnabled: true, networkConnectionEnabled: false, pageLoadStrategy: normal, platform: WINDOWS, platformName: WINDOWS, proxy: Proxy(), setWindowRect: true, strictFileInteractability: false, timeouts: {implicit: 0, pageLoad: 300000, script: 30000}, unhandledPromptBehavior: dismiss and notify}&#10;Session ID: 02257c907e933d11dbefd525962180ce&#10;*** Element info: {Using=xpath, value=//tbody/tr/td/h3}" type="org.openqa.selenium.NoSuchElementException"><![CDATA[org.openqa.selenium.NoSuchElementException: 
no such element: Unable to locate element: {"method":"xpath","selector":"//tbody/tr/td/h3"}
  (Session info: chrome=81.0.4044.122)
For documentation on this error, please visit: http://seleniumhq.org/exceptions/no_such_element.html
Build info: version: '3.14.0', revision: 'aacccce0', time: '2018-08-02T20:19:58.91Z'
System info: host: 'ADMIN', ip: '192.168.48.1', os.name: 'Windows 8.1', os.arch: 'amd64', os.version: '6.3', java.version: '1.8.0_241'
Driver info: org.openqa.selenium.chrome.ChromeDriver
Capabilities {acceptInsecureCerts: false, browserName: chrome, browserVersion: 81.0.4044.122, chrome: {chromedriverVersion: 80.0.3987.106 (f68069574609..., userDataDir: C:\Users\REYAZ\AppData\Loca...}, goog:chromeOptions: {debuggerAddress: localhost:56542}, javascriptEnabled: true, networkConnectionEnabled: false, pageLoadStrategy: normal, platform: WINDOWS, platformName: WINDOWS, proxy: Proxy(), setWindowRect: true, strictFileInteractability: false, timeouts: {implicit: 0, pageLoad: 300000, script: 30000}, unhandledPromptBehavior: dismiss and notify}
Session ID: 02257c907e933d11dbefd525962180ce
*** Element info: {Using=xpath, value=//tbody/tr/td/h3}
	at regression.ValidateLogin.validateLoginTest(ValidateLogin.java:36)
]]></failure>
    <system-err><![CDATA[Starting ChromeDriver 80.0.3987.106 (f68069574609230cf9b635cd784cfb1bf81bb53a-refs/branch-heads/3987@{#882}) on port 19269
Only local connections are allowed.
Please protect ports used by ChromeDriver and related test frameworks to prevent access by malicious code.
[1587628740.994][WARNING]: This version of ChromeDriver has not been tested with Chrome version 81.
Apr 23, 2020 1:29:11 PM org.openqa.selenium.remote.ProtocolHandshake createSession
INFO: Detected dialect: W3C
[1587628757.652][SEVERE]: Timed out receiving message from renderer: 0.100
[1587628757.754][SEVERE]: Timed out receiving message from renderer: 0.100
[1587628757.860][SEVERE]: Timed out receiving message from renderer: 0.100
[1587628757.965][SEVERE]: Timed out receiving message from renderer: 0.100
[1587628758.067][SEVERE]: Timed out receiving message from renderer: 0.100
[1587628758.169][SEVERE]: Timed out receiving message from renderer: 0.100
[1587628758.270][SEVERE]: Timed out receiving message from renderer: 0.100
[1587628758.372][SEVERE]: Timed out receiving message from renderer: 0.100
[1587628758.478][SEVERE]: Timed out receiving message from renderer: 0.100
[1587628758.585][SEVERE]: Timed out receiving message from renderer: 0.100
[1587628758.688][SEVERE]: Timed out receiving message from renderer: 0.100
[1587628758.805][SEVERE]: Timed out receiving message from renderer: 0.100
[1587628758.910][SEVERE]: Timed out receiving message from renderer: 0.100
[1587628759.053][SEVERE]: Timed out receiving message from renderer: 0.100
[1587628759.161][SEVERE]: Timed out receiving message from renderer: 0.100
[1587628759.265][SEVERE]: Timed out receiving message from renderer: 0.100
[1587628759.367][SEVERE]: Timed out receiving message from renderer: 0.100
[1587628759.470][SEVERE]: Timed out receiving message from renderer: 0.100
[1587628759.575][SEVERE]: Timed out receiving message from renderer: 0.100
[1587628759.684][SEVERE]: Timed out receiving message from renderer: 0.100
[1587628759.786][SEVERE]: Timed out receiving message from renderer: 0.100
[1587628759.889][SEVERE]: Timed out receiving message from renderer: 0.100
[1587628759.995][SEVERE]: Timed out receiving message from renderer: 0.100
[1587628760.098][SEVERE]: Timed out receiving message from renderer: 0.100
[1587628760.203][SEVERE]: Timed out receiving message from renderer: 0.100
[1587628762.197][SEVERE]: Timed out receiving message from renderer: 0.100
[1587628762.299][SEVERE]: Timed out receiving message from renderer: 0.100
[1587628762.403][SEVERE]: Timed out receiving message from renderer: 0.100
[1587628762.505][SEVERE]: Timed out receiving message from renderer: 0.100
[1587628762.695][SEVERE]: Timed out receiving message from renderer: 0.100
[1587628762.797][SEVERE]: Timed out receiving message from renderer: 0.100
[1587628762.900][SEVERE]: Timed out receiving message from renderer: 0.100
[1587628763.005][SEVERE]: Timed out receiving message from renderer: 0.100
[1587628763.110][SEVERE]: Timed out receiving message from renderer: 0.100
[1587628763.213][SEVERE]: Timed out receiving message from renderer: 0.100
[1587628763.446][SEVERE]: Timed out receiving message from renderer: 0.100
[1587628763.567][SEVERE]: Timed out receiving message from renderer: 0.100
[1587628763.675][SEVERE]: Timed out receiving message from renderer: 0.100
[1587628764.012][SEVERE]: Timed out receiving message from renderer: 0.100
[1587628764.114][SEVERE]: Timed out receiving message from renderer: 0.100
[1587628764.215][SEVERE]: Timed out receiving message from renderer: 0.100
[1587628764.320][SEVERE]: Timed out receiving message from renderer: 0.100
[1587628764.426][SEVERE]: Timed out receiving message from renderer: 0.100
[1587628764.530][SEVERE]: Timed out receiving message from renderer: 0.100
[1587628768.277][SEVERE]: Timed out receiving message from renderer: 0.100
[1587628768.382][SEVERE]: Timed out receiving message from renderer: 0.100
[1587628768.484][SEVERE]: Timed out receiving message from renderer: 0.100
[1587628768.586][SEVERE]: Timed out receiving message from renderer: 0.100
[1587628768.688][SEVERE]: Timed out receiving message from renderer: 0.100
[1587628768.793][SEVERE]: Timed out receiving message from renderer: 0.100
[1587628768.897][SEVERE]: Timed out receiving message from renderer: 0.100
[1587628769.000][SEVERE]: Timed out receiving message from renderer: 0.100
[1587628769.102][SEVERE]: Timed out receiving message from renderer: 0.100
]]></system-err>
  </testcase>
</testsuite>